[INFO] [2017-01-12 15:40:18][org.quartz.impl.StdSchedulerFactory]Using default implementation for ThreadExecutor
[INFO] [2017-01-12 15:40:18][org.quartz.simpl.SimpleThreadPool]Job execution threads will use class loader of thread: main
[INFO] [2017-01-12 15:40:18][org.quartz.core.SchedulerSignalerImpl]Initialized Scheduler Signaller of type: class org.quartz.core.SchedulerSignalerImpl
[INFO] [2017-01-12 15:40:18][org.quartz.core.QuartzScheduler]Quartz Scheduler v.2.2.3 created.
[INFO] [2017-01-12 15:40:18][org.quartz.simpl.RAMJobStore]RAMJobStore initialized.
[INFO] [2017-01-12 15:40:18][org.quartz.core.QuartzScheduler]Scheduler meta-data: Quartz Scheduler (v2.2.3) 'DefaultQuartzScheduler' with instanceId 'NON_CLUSTERED'
  Scheduler class: 'org.quartz.core.QuartzScheduler' - running locally.
  NOT STARTED.
  Currently in standby mode.
  Number of jobs executed: 0
  Using thread pool 'org.quartz.simpl.SimpleThreadPool' - with 10 threads.
  Using job-store 'org.quartz.simpl.RAMJobStore' - which does not support persistence. and is not clustered.

[INFO] [2017-01-12 15:40:18][org.quartz.impl.StdSchedulerFactory]Quartz scheduler 'DefaultQuartzScheduler' initialized from default resource file in Quartz package: 'quartz.properties'
[INFO] [2017-01-12 15:40:18][org.quartz.impl.StdSchedulerFactory]Quartz scheduler version: 2.2.3
[INFO] [2017-01-12 15:40:51][org.quartz.impl.StdSchedulerFactory]Using default implementation for ThreadExecutor
[INFO] [2017-01-12 15:40:51][org.quartz.simpl.SimpleThreadPool]Job execution threads will use class loader of thread: main
[INFO] [2017-01-12 15:40:51][org.quartz.core.SchedulerSignalerImpl]Initialized Scheduler Signaller of type: class org.quartz.core.SchedulerSignalerImpl
[INFO] [2017-01-12 15:40:51][org.quartz.core.QuartzScheduler]Quartz Scheduler v.2.2.3 created.
[INFO] [2017-01-12 15:40:51][org.quartz.simpl.RAMJobStore]RAMJobStore initialized.
[INFO] [2017-01-12 15:40:51][org.quartz.core.QuartzScheduler]Scheduler meta-data: Quartz Scheduler (v2.2.3) 'DefaultQuartzScheduler' with instanceId 'NON_CLUSTERED'
  Scheduler class: 'org.quartz.core.QuartzScheduler' - running locally.
  NOT STARTED.
  Currently in standby mode.
  Number of jobs executed: 0
  Using thread pool 'org.quartz.simpl.SimpleThreadPool' - with 10 threads.
  Using job-store 'org.quartz.simpl.RAMJobStore' - which does not support persistence. and is not clustered.

[INFO] [2017-01-12 15:40:51][org.quartz.impl.StdSchedulerFactory]Quartz scheduler 'DefaultQuartzScheduler' initialized from default resource file in Quartz package: 'quartz.properties'
[INFO] [2017-01-12 15:40:51][org.quartz.impl.StdSchedulerFactory]Quartz scheduler version: 2.2.3
[INFO] [2017-01-12 15:41:52][org.quartz.impl.StdSchedulerFactory]Using default implementation for ThreadExecutor
[INFO] [2017-01-12 15:41:52][org.quartz.simpl.SimpleThreadPool]Job execution threads will use class loader of thread: main
[INFO] [2017-01-12 15:41:52][org.quartz.core.SchedulerSignalerImpl]Initialized Scheduler Signaller of type: class org.quartz.core.SchedulerSignalerImpl
[INFO] [2017-01-12 15:41:52][org.quartz.core.QuartzScheduler]Quartz Scheduler v.2.2.3 created.
[INFO] [2017-01-12 15:41:52][org.quartz.simpl.RAMJobStore]RAMJobStore initialized.
[INFO] [2017-01-12 15:41:52][org.quartz.core.QuartzScheduler]Scheduler meta-data: Quartz Scheduler (v2.2.3) 'DefaultQuartzScheduler' with instanceId 'NON_CLUSTERED'
  Scheduler class: 'org.quartz.core.QuartzScheduler' - running locally.
  NOT STARTED.
  Currently in standby mode.
  Number of jobs executed: 0
  Using thread pool 'org.quartz.simpl.SimpleThreadPool' - with 10 threads.
  Using job-store 'org.quartz.simpl.RAMJobStore' - which does not support persistence. and is not clustered.

[INFO] [2017-01-12 15:41:52][org.quartz.impl.StdSchedulerFactory]Quartz scheduler 'DefaultQuartzScheduler' initialized from default resource file in Quartz package: 'quartz.properties'
[INFO] [2017-01-12 15:41:52][org.quartz.impl.StdSchedulerFactory]Quartz scheduler version: 2.2.3
[INFO] [2017-01-12 15:43:40][org.quartz.impl.StdSchedulerFactory]Using default implementation for ThreadExecutor
[INFO] [2017-01-12 15:43:40][org.quartz.simpl.SimpleThreadPool]Job execution threads will use class loader of thread: main
[INFO] [2017-01-12 15:43:40][org.quartz.core.SchedulerSignalerImpl]Initialized Scheduler Signaller of type: class org.quartz.core.SchedulerSignalerImpl
[INFO] [2017-01-12 15:43:40][org.quartz.core.QuartzScheduler]Quartz Scheduler v.2.2.3 created.
[INFO] [2017-01-12 15:43:40][org.quartz.simpl.RAMJobStore]RAMJobStore initialized.
[INFO] [2017-01-12 15:43:40][org.quartz.core.QuartzScheduler]Scheduler meta-data: Quartz Scheduler (v2.2.3) 'DefaultQuartzScheduler' with instanceId 'NON_CLUSTERED'
  Scheduler class: 'org.quartz.core.QuartzScheduler' - running locally.
  NOT STARTED.
  Currently in standby mode.
  Number of jobs executed: 0
  Using thread pool 'org.quartz.simpl.SimpleThreadPool' - with 10 threads.
  Using job-store 'org.quartz.simpl.RAMJobStore' - which does not support persistence. and is not clustered.

[INFO] [2017-01-12 15:43:40][org.quartz.impl.StdSchedulerFactory]Quartz scheduler 'DefaultQuartzScheduler' initialized from default resource file in Quartz package: 'quartz.properties'
[INFO] [2017-01-12 15:43:40][org.quartz.impl.StdSchedulerFactory]Quartz scheduler version: 2.2.3
[INFO] [2017-01-12 15:46:40][org.quartz.impl.StdSchedulerFactory]Using default implementation for ThreadExecutor
[INFO] [2017-01-12 15:46:40][org.quartz.simpl.SimpleThreadPool]Job execution threads will use class loader of thread: main
[INFO] [2017-01-12 15:46:40][org.quartz.core.SchedulerSignalerImpl]Initialized Scheduler Signaller of type: class org.quartz.core.SchedulerSignalerImpl
[INFO] [2017-01-12 15:46:40][org.quartz.core.QuartzScheduler]Quartz Scheduler v.2.2.3 created.
[INFO] [2017-01-12 15:46:40][org.quartz.simpl.RAMJobStore]RAMJobStore initialized.
[INFO] [2017-01-12 15:46:40][org.quartz.core.QuartzScheduler]Scheduler meta-data: Quartz Scheduler (v2.2.3) 'DefaultQuartzScheduler' with instanceId 'NON_CLUSTERED'
  Scheduler class: 'org.quartz.core.QuartzScheduler' - running locally.
  NOT STARTED.
  Currently in standby mode.
  Number of jobs executed: 0
  Using thread pool 'org.quartz.simpl.SimpleThreadPool' - with 10 threads.
  Using job-store 'org.quartz.simpl.RAMJobStore' - which does not support persistence. and is not clustered.

[INFO] [2017-01-12 15:46:40][org.quartz.impl.StdSchedulerFactory]Quartz scheduler 'DefaultQuartzScheduler' initialized from default resource file in Quartz package: 'quartz.properties'
[INFO] [2017-01-12 15:46:40][org.quartz.impl.StdSchedulerFactory]Quartz scheduler version: 2.2.3
[INFO] [2017-01-12 15:46:40][org.quartz.core.QuartzScheduler]Scheduler DefaultQuartzScheduler_$_NON_CLUSTERED started.
[INFO] [2017-01-12 15:48:06][org.quartz.impl.StdSchedulerFactory]Using default implementation for ThreadExecutor
[INFO] [2017-01-12 15:48:06][org.quartz.simpl.SimpleThreadPool]Job execution threads will use class loader of thread: main
[INFO] [2017-01-12 15:48:06][org.quartz.core.SchedulerSignalerImpl]Initialized Scheduler Signaller of type: class org.quartz.core.SchedulerSignalerImpl
[INFO] [2017-01-12 15:48:06][org.quartz.core.QuartzScheduler]Quartz Scheduler v.2.2.3 created.
[INFO] [2017-01-12 15:48:06][org.quartz.simpl.RAMJobStore]RAMJobStore initialized.
[INFO] [2017-01-12 15:48:06][org.quartz.core.QuartzScheduler]Scheduler meta-data: Quartz Scheduler (v2.2.3) 'DefaultQuartzScheduler' with instanceId 'NON_CLUSTERED'
  Scheduler class: 'org.quartz.core.QuartzScheduler' - running locally.
  NOT STARTED.
  Currently in standby mode.
  Number of jobs executed: 0
  Using thread pool 'org.quartz.simpl.SimpleThreadPool' - with 10 threads.
  Using job-store 'org.quartz.simpl.RAMJobStore' - which does not support persistence. and is not clustered.

[INFO] [2017-01-12 15:48:06][org.quartz.impl.StdSchedulerFactory]Quartz scheduler 'DefaultQuartzScheduler' initialized from default resource file in Quartz package: 'quartz.properties'
[INFO] [2017-01-12 15:48:06][org.quartz.impl.StdSchedulerFactory]Quartz scheduler version: 2.2.3
[INFO] [2017-01-12 15:48:44][org.quartz.impl.StdSchedulerFactory]Using default implementation for ThreadExecutor
[INFO] [2017-01-12 15:48:44][org.quartz.simpl.SimpleThreadPool]Job execution threads will use class loader of thread: main
[INFO] [2017-01-12 15:48:44][org.quartz.core.SchedulerSignalerImpl]Initialized Scheduler Signaller of type: class org.quartz.core.SchedulerSignalerImpl
[INFO] [2017-01-12 15:48:44][org.quartz.core.QuartzScheduler]Quartz Scheduler v.2.2.3 created.
[INFO] [2017-01-12 15:48:44][org.quartz.simpl.RAMJobStore]RAMJobStore initialized.
[INFO] [2017-01-12 15:48:44][org.quartz.core.QuartzScheduler]Scheduler meta-data: Quartz Scheduler (v2.2.3) 'DefaultQuartzScheduler' with instanceId 'NON_CLUSTERED'
  Scheduler class: 'org.quartz.core.QuartzScheduler' - running locally.
  NOT STARTED.
  Currently in standby mode.
  Number of jobs executed: 0
  Using thread pool 'org.quartz.simpl.SimpleThreadPool' - with 10 threads.
  Using job-store 'org.quartz.simpl.RAMJobStore' - which does not support persistence. and is not clustered.

[INFO] [2017-01-12 15:48:44][org.quartz.impl.StdSchedulerFactory]Quartz scheduler 'DefaultQuartzScheduler' initialized from default resource file in Quartz package: 'quartz.properties'
[INFO] [2017-01-12 15:48:44][org.quartz.impl.StdSchedulerFactory]Quartz scheduler version: 2.2.3
[INFO] [2017-01-12 15:48:44][org.quartz.core.QuartzScheduler]Scheduler DefaultQuartzScheduler_$_NON_CLUSTERED started.
