[ERROR] [12:05:57.606] [JavaFX Application Thread] [] com.zzg.mybatis.generator.controller.MainUIController.loadLeftDBTree:184 --> connect db failed, reason: {}
org.sqlite.SQLiteException: [SQLITE_ERROR] SQL error or missing database (no such table: dbs)
	at org.sqlite.core.DB.newSQLException(DB.java:909)
	at org.sqlite.core.DB.newSQLException(DB.java:921)
	at org.sqlite.core.DB.throwex(DB.java:886)
	at org.sqlite.core.NativeDB.prepare_utf8(Native Method)
	at org.sqlite.core.NativeDB.prepare(NativeDB.java:127)
	at org.sqlite.core.DB.prepare(DB.java:227)
	at org.sqlite.jdbc3.JDBC3Statement.executeQuery(JDBC3Statement.java:81)
	at com.zzg.mybatis.generator.util.ConfigHelper.loadDatabaseConfig(ConfigHelper.java:64)
	at com.zzg.mybatis.generator.controller.MainUIController.loadLeftDBTree(MainUIController.java:172)
	at com.zzg.mybatis.generator.controller.MainUIController.initialize(MainUIController.java:164)
	at javafx.fxml.FXMLLoader.loadImpl(FXMLLoader.java:2548)
	at javafx.fxml.FXMLLoader.loadImpl(FXMLLoader.java:2441)
	at javafx.fxml.FXMLLoader.load(FXMLLoader.java:2409)
	at com.zzg.mybatis.generator.MainUI.start(MainUI.java:30)
	at com.sun.javafx.application.LauncherImpl.lambda$launchApplication1$162(LauncherImpl.java:863)
	at com.sun.javafx.application.PlatformImpl.lambda$runAndWait$175(PlatformImpl.java:326)
	at com.sun.javafx.application.PlatformImpl.lambda$null$173(PlatformImpl.java:295)
	at java.security.AccessController.doPrivileged(Native Method)
	at com.sun.javafx.application.PlatformImpl.lambda$runLater$174(PlatformImpl.java:294)
	at com.sun.glass.ui.InvokeLaterDispatcher$Future.run(InvokeLaterDispatcher.java:95)
	at com.sun.glass.ui.win.WinApplication._runLoop(Native Method)
	at com.sun.glass.ui.win.WinApplication.lambda$null$148(WinApplication.java:191)
	at java.lang.Thread.run(Unknown Source)
[ERROR] [12:10:13.100] [JavaFX Application Thread] [] com.zzg.mybatis.generator.controller.MainUIController.loadLeftDBTree:185 --> connect db failed, reason: {}
org.sqlite.SQLiteException: [SQLITE_ERROR] SQL error or missing database (no such table: dbs)
	at org.sqlite.core.DB.newSQLException(DB.java:909)
	at org.sqlite.core.DB.newSQLException(DB.java:921)
	at org.sqlite.core.DB.throwex(DB.java:886)
	at org.sqlite.core.NativeDB.prepare_utf8(Native Method)
	at org.sqlite.core.NativeDB.prepare(NativeDB.java:127)
	at org.sqlite.core.DB.prepare(DB.java:227)
	at org.sqlite.jdbc3.JDBC3Statement.executeQuery(JDBC3Statement.java:81)
	at com.zzg.mybatis.generator.util.ConfigHelper.loadDatabaseConfig(ConfigHelper.java:63)
	at com.zzg.mybatis.generator.controller.MainUIController.loadLeftDBTree(MainUIController.java:173)
	at com.zzg.mybatis.generator.controller.MainUIController.initialize(MainUIController.java:165)
	at javafx.fxml.FXMLLoader.loadImpl(FXMLLoader.java:2548)
	at javafx.fxml.FXMLLoader.loadImpl(FXMLLoader.java:2441)
	at javafx.fxml.FXMLLoader.load(FXMLLoader.java:2409)
	at com.zzg.mybatis.generator.MainUI.start(MainUI.java:24)
	at com.sun.javafx.application.LauncherImpl.lambda$launchApplication1$162(LauncherImpl.java:863)
	at com.sun.javafx.application.PlatformImpl.lambda$runAndWait$175(PlatformImpl.java:326)
	at com.sun.javafx.application.PlatformImpl.lambda$null$173(PlatformImpl.java:295)
	at java.security.AccessController.doPrivileged(Native Method)
	at com.sun.javafx.application.PlatformImpl.lambda$runLater$174(PlatformImpl.java:294)
	at com.sun.glass.ui.InvokeLaterDispatcher$Future.run(InvokeLaterDispatcher.java:95)
	at com.sun.glass.ui.win.WinApplication._runLoop(Native Method)
	at com.sun.glass.ui.win.WinApplication.lambda$null$148(WinApplication.java:191)
	at java.lang.Thread.run(Unknown Source)
[ERROR] [12:12:54.990] [JavaFX Application Thread] [] com.zzg.mybatis.generator.controller.MainUIController.loadLeftDBTree:185 --> connect db failed, reason: {}
org.sqlite.SQLiteException: [SQLITE_ERROR] SQL error or missing database (no such table: dbs)
	at org.sqlite.core.DB.newSQLException(DB.java:909)
	at org.sqlite.core.DB.newSQLException(DB.java:921)
	at org.sqlite.core.DB.throwex(DB.java:886)
	at org.sqlite.core.NativeDB.prepare_utf8(Native Method)
	at org.sqlite.core.NativeDB.prepare(NativeDB.java:127)
	at org.sqlite.core.DB.prepare(DB.java:227)
	at org.sqlite.jdbc3.JDBC3Statement.executeQuery(JDBC3Statement.java:81)
	at com.zzg.mybatis.generator.util.ConfigHelper.loadDatabaseConfig(ConfigHelper.java:63)
	at com.zzg.mybatis.generator.controller.MainUIController.loadLeftDBTree(MainUIController.java:173)
	at com.zzg.mybatis.generator.controller.MainUIController.initialize(MainUIController.java:165)
	at javafx.fxml.FXMLLoader.loadImpl(FXMLLoader.java:2548)
	at javafx.fxml.FXMLLoader.loadImpl(FXMLLoader.java:2441)
	at javafx.fxml.FXMLLoader.load(FXMLLoader.java:2409)
	at com.zzg.mybatis.generator.MainUI.start(MainUI.java:24)
	at com.sun.javafx.application.LauncherImpl.lambda$launchApplication1$162(LauncherImpl.java:863)
	at com.sun.javafx.application.PlatformImpl.lambda$runAndWait$175(PlatformImpl.java:326)
	at com.sun.javafx.application.PlatformImpl.lambda$null$173(PlatformImpl.java:295)
	at java.security.AccessController.doPrivileged(Native Method)
	at com.sun.javafx.application.PlatformImpl.lambda$runLater$174(PlatformImpl.java:294)
	at com.sun.glass.ui.InvokeLaterDispatcher$Future.run(InvokeLaterDispatcher.java:95)
	at com.sun.glass.ui.win.WinApplication._runLoop(Native Method)
	at com.sun.glass.ui.win.WinApplication.lambda$null$148(WinApplication.java:191)
	at java.lang.Thread.run(Unknown Source)
[INFO] [12:13:45.145] [JavaFX Application Thread] [] com.zzg.mybatis.generator.util.DbUtil.getConnectionUrlWithSchema:70 --> getConnectionUrlWithSchema, connection url: jdbc:mysql://127.0.0.1:3306/sports?useUnicode=true&useSSL=false&characterEncoding=utf8
[INFO] [12:13:45.151] [JavaFX Application Thread] [] com.zzg.mybatis.generator.util.DbUtil.getConnectionUrlWithSchema:70 --> getConnectionUrlWithSchema, connection url: jdbc:mysql://127.0.0.1:3306/sports?useUnicode=true&useSSL=false&characterEncoding=utf8
[INFO] [12:13:45.152] [JavaFX Application Thread] [] com.zzg.mybatis.generator.util.DbUtil.getConnection:26 --> getConnection, connection url: jdbc:mysql://127.0.0.1:3306/sports?useUnicode=true&useSSL=false&characterEncoding=utf8
[ERROR] [12:13:48.369] [JavaFX Application Thread] [] com.zzg.mybatis.generator.controller.NewConnectionController.saveConnection:71 --> [SQLITE_ERROR] SQL error or missing database (no such table: dbs)
org.sqlite.SQLiteException: [SQLITE_ERROR] SQL error or missing database (no such table: dbs)
	at org.sqlite.core.DB.newSQLException(DB.java:909)
	at org.sqlite.core.DB.newSQLException(DB.java:921)
	at org.sqlite.core.DB.throwex(DB.java:886)
	at org.sqlite.core.NativeDB.prepare_utf8(Native Method)
	at org.sqlite.core.NativeDB.prepare(NativeDB.java:127)
	at org.sqlite.core.DB.prepare(DB.java:227)
	at org.sqlite.jdbc3.JDBC3Statement.executeQuery(JDBC3Statement.java:81)
	at com.zzg.mybatis.generator.util.ConfigHelper.saveDatabaseConfig(ConfigHelper.java:88)
	at com.zzg.mybatis.generator.controller.NewConnectionController.saveConnection(NewConnectionController.java:67)
	at sun.reflect.NativeMethodAccessorImpl.invoke0(Native Method)
	at sun.reflect.NativeMethodAccessorImpl.invoke(Unknown Source)
	at sun.reflect.DelegatingMethodAccessorImpl.invoke(Unknown Source)
	at java.lang.reflect.Method.invoke(Unknown Source)
	at sun.reflect.misc.Trampoline.invoke(Unknown Source)
	at sun.reflect.GeneratedMethodAccessor1.invoke(Unknown Source)
	at sun.reflect.DelegatingMethodAccessorImpl.invoke(Unknown Source)
	at java.lang.reflect.Method.invoke(Unknown Source)
	at sun.reflect.misc.MethodUtil.invoke(Unknown Source)
	at javafx.fxml.FXMLLoader$MethodHandler.invoke(FXMLLoader.java:1771)
	at javafx.fxml.FXMLLoader$ControllerMethodEventHandler.handle(FXMLLoader.java:1657)
	at com.sun.javafx.event.CompositeEventHandler.dispatchBubblingEvent(CompositeEventHandler.java:86)
	at com.sun.javafx.event.EventHandlerManager.dispatchBubblingEvent(EventHandlerManager.java:238)
	at com.sun.javafx.event.EventHandlerManager.dispatchBubblingEvent(EventHandlerManager.java:191)
	at com.sun.javafx.event.CompositeEventDispatcher.dispatchBubblingEvent(CompositeEventDispatcher.java:59)
	at com.sun.javafx.event.BasicEventDispatcher.dispatchEvent(BasicEventDispatcher.java:58)
	at com.sun.javafx.event.EventDispatchChainImpl.dispatchEvent(EventDispatchChainImpl.java:114)
	at com.sun.javafx.event.BasicEventDispatcher.dispatchEvent(BasicEventDispatcher.java:56)
	at com.sun.javafx.event.EventDispatchChainImpl.dispatchEvent(EventDispatchChainImpl.java:114)
	at com.sun.javafx.event.BasicEventDispatcher.dispatchEvent(BasicEventDispatcher.java:56)
	at com.sun.javafx.event.EventDispatchChainImpl.dispatchEvent(EventDispatchChainImpl.java:114)
	at com.sun.javafx.event.EventUtil.fireEventImpl(EventUtil.java:74)
	at com.sun.javafx.event.EventUtil.fireEvent(EventUtil.java:49)
	at javafx.event.Event.fireEvent(Event.java:198)
	at javafx.scene.Node.fireEvent(Node.java:8413)
	at javafx.scene.control.Button.fire(Button.java:185)
	at com.sun.javafx.scene.control.behavior.ButtonBehavior.mouseReleased(ButtonBehavior.java:182)
	at com.sun.javafx.scene.control.skin.BehaviorSkinBase$1.handle(BehaviorSkinBase.java:96)
	at com.sun.javafx.scene.control.skin.BehaviorSkinBase$1.handle(BehaviorSkinBase.java:89)
	at com.sun.javafx.event.CompositeEventHandler$NormalEventHandlerRecord.handleBubblingEvent(CompositeEventHandler.java:218)
	at com.sun.javafx.event.CompositeEventHandler.dispatchBubblingEvent(CompositeEventHandler.java:80)
	at com.sun.javafx.event.EventHandlerManager.dispatchBubblingEvent(EventHandlerManager.java:238)
	at com.sun.javafx.event.EventHandlerManager.dispatchBubblingEvent(EventHandlerManager.java:191)
	at com.sun.javafx.event.CompositeEventDispatcher.dispatchBubblingEvent(CompositeEventDispatcher.java:59)
	at com.sun.javafx.event.BasicEventDispatcher.dispatchEvent(BasicEventDispatcher.java:58)
	at com.sun.javafx.event.EventDispatchChainImpl.dispatchEvent(EventDispatchChainImpl.java:114)
	at com.sun.javafx.event.BasicEventDispatcher.dispatchEvent(BasicEventDispatcher.java:56)
	at com.sun.javafx.event.EventDispatchChainImpl.dispatchEvent(EventDispatchChainImpl.java:114)
	at com.sun.javafx.event.BasicEventDispatcher.dispatchEvent(BasicEventDispatcher.java:56)
	at com.sun.javafx.event.EventDispatchChainImpl.dispatchEvent(EventDispatchChainImpl.java:114)
	at com.sun.javafx.event.EventUtil.fireEventImpl(EventUtil.java:74)
	at com.sun.javafx.event.EventUtil.fireEvent(EventUtil.java:54)
	at javafx.event.Event.fireEvent(Event.java:198)
	at javafx.scene.Scene$MouseHandler.process(Scene.java:3757)
	at javafx.scene.Scene$MouseHandler.access$1500(Scene.java:3485)
	at javafx.scene.Scene.impl_processMouseEvent(Scene.java:1762)
	at javafx.scene.Scene$ScenePeerListener.mouseEvent(Scene.java:2494)
	at com.sun.javafx.tk.quantum.GlassViewEventHandler$MouseEventNotification.run(GlassViewEventHandler.java:381)
	at com.sun.javafx.tk.quantum.GlassViewEventHandler$MouseEventNotification.run(GlassViewEventHandler.java:295)
	at java.security.AccessController.doPrivileged(Native Method)
	at com.sun.javafx.tk.quantum.GlassViewEventHandler.lambda$handleMouseEvent$354(GlassViewEventHandler.java:417)
	at com.sun.javafx.tk.quantum.QuantumToolkit.runWithoutRenderLock(QuantumToolkit.java:389)
	at com.sun.javafx.tk.quantum.GlassViewEventHandler.handleMouseEvent(GlassViewEventHandler.java:416)
	at com.sun.glass.ui.View.handleMouseEvent(View.java:555)
	at com.sun.glass.ui.View.notifyMouse(View.java:937)
	at com.sun.glass.ui.win.WinApplication._runLoop(Native Method)
	at com.sun.glass.ui.win.WinApplication.lambda$null$148(WinApplication.java:191)
	at java.lang.Thread.run(Unknown Source)
[ERROR] [12:13:53.864] [JavaFX Application Thread] [] com.zzg.mybatis.generator.controller.NewConnectionController.saveConnection:71 --> [SQLITE_ERROR] SQL error or missing database (no such table: dbs)
org.sqlite.SQLiteException: [SQLITE_ERROR] SQL error or missing database (no such table: dbs)
	at org.sqlite.core.DB.newSQLException(DB.java:909)
	at org.sqlite.core.DB.newSQLException(DB.java:921)
	at org.sqlite.core.DB.throwex(DB.java:886)
	at org.sqlite.core.NativeDB.prepare_utf8(Native Method)
	at org.sqlite.core.NativeDB.prepare(NativeDB.java:127)
	at org.sqlite.core.DB.prepare(DB.java:227)
	at org.sqlite.jdbc3.JDBC3Statement.executeQuery(JDBC3Statement.java:81)
	at com.zzg.mybatis.generator.util.ConfigHelper.saveDatabaseConfig(ConfigHelper.java:88)
	at com.zzg.mybatis.generator.controller.NewConnectionController.saveConnection(NewConnectionController.java:67)
	at sun.reflect.NativeMethodAccessorImpl.invoke0(Native Method)
	at sun.reflect.NativeMethodAccessorImpl.invoke(Unknown Source)
	at sun.reflect.DelegatingMethodAccessorImpl.invoke(Unknown Source)
	at java.lang.reflect.Method.invoke(Unknown Source)
	at sun.reflect.misc.Trampoline.invoke(Unknown Source)
	at sun.reflect.GeneratedMethodAccessor1.invoke(Unknown Source)
	at sun.reflect.DelegatingMethodAccessorImpl.invoke(Unknown Source)
	at java.lang.reflect.Method.invoke(Unknown Source)
	at sun.reflect.misc.MethodUtil.invoke(Unknown Source)
	at javafx.fxml.FXMLLoader$MethodHandler.invoke(FXMLLoader.java:1771)
	at javafx.fxml.FXMLLoader$ControllerMethodEventHandler.handle(FXMLLoader.java:1657)
	at com.sun.javafx.event.CompositeEventHandler.dispatchBubblingEvent(CompositeEventHandler.java:86)
	at com.sun.javafx.event.EventHandlerManager.dispatchBubblingEvent(EventHandlerManager.java:238)
	at com.sun.javafx.event.EventHandlerManager.dispatchBubblingEvent(EventHandlerManager.java:191)
	at com.sun.javafx.event.CompositeEventDispatcher.dispatchBubblingEvent(CompositeEventDispatcher.java:59)
	at com.sun.javafx.event.BasicEventDispatcher.dispatchEvent(BasicEventDispatcher.java:58)
	at com.sun.javafx.event.EventDispatchChainImpl.dispatchEvent(EventDispatchChainImpl.java:114)
	at com.sun.javafx.event.BasicEventDispatcher.dispatchEvent(BasicEventDispatcher.java:56)
	at com.sun.javafx.event.EventDispatchChainImpl.dispatchEvent(EventDispatchChainImpl.java:114)
	at com.sun.javafx.event.BasicEventDispatcher.dispatchEvent(BasicEventDispatcher.java:56)
	at com.sun.javafx.event.EventDispatchChainImpl.dispatchEvent(EventDispatchChainImpl.java:114)
	at com.sun.javafx.event.EventUtil.fireEventImpl(EventUtil.java:74)
	at com.sun.javafx.event.EventUtil.fireEvent(EventUtil.java:49)
	at javafx.event.Event.fireEvent(Event.java:198)
	at javafx.scene.Node.fireEvent(Node.java:8413)
	at javafx.scene.control.Button.fire(Button.java:185)
	at com.sun.javafx.scene.control.behavior.ButtonBehavior.mouseReleased(ButtonBehavior.java:182)
	at com.sun.javafx.scene.control.skin.BehaviorSkinBase$1.handle(BehaviorSkinBase.java:96)
	at com.sun.javafx.scene.control.skin.BehaviorSkinBase$1.handle(BehaviorSkinBase.java:89)
	at com.sun.javafx.event.CompositeEventHandler$NormalEventHandlerRecord.handleBubblingEvent(CompositeEventHandler.java:218)
	at com.sun.javafx.event.CompositeEventHandler.dispatchBubblingEvent(CompositeEventHandler.java:80)
	at com.sun.javafx.event.EventHandlerManager.dispatchBubblingEvent(EventHandlerManager.java:238)
	at com.sun.javafx.event.EventHandlerManager.dispatchBubblingEvent(EventHandlerManager.java:191)
	at com.sun.javafx.event.CompositeEventDispatcher.dispatchBubblingEvent(CompositeEventDispatcher.java:59)
	at com.sun.javafx.event.BasicEventDispatcher.dispatchEvent(BasicEventDispatcher.java:58)
	at com.sun.javafx.event.EventDispatchChainImpl.dispatchEvent(EventDispatchChainImpl.java:114)
	at com.sun.javafx.event.BasicEventDispatcher.dispatchEvent(BasicEventDispatcher.java:56)
	at com.sun.javafx.event.EventDispatchChainImpl.dispatchEvent(EventDispatchChainImpl.java:114)
	at com.sun.javafx.event.BasicEventDispatcher.dispatchEvent(BasicEventDispatcher.java:56)
	at com.sun.javafx.event.EventDispatchChainImpl.dispatchEvent(EventDispatchChainImpl.java:114)
	at com.sun.javafx.event.EventUtil.fireEventImpl(EventUtil.java:74)
	at com.sun.javafx.event.EventUtil.fireEvent(EventUtil.java:54)
	at javafx.event.Event.fireEvent(Event.java:198)
	at javafx.scene.Scene$MouseHandler.process(Scene.java:3757)
	at javafx.scene.Scene$MouseHandler.access$1500(Scene.java:3485)
	at javafx.scene.Scene.impl_processMouseEvent(Scene.java:1762)
	at javafx.scene.Scene$ScenePeerListener.mouseEvent(Scene.java:2494)
	at com.sun.javafx.tk.quantum.GlassViewEventHandler$MouseEventNotification.run(GlassViewEventHandler.java:381)
	at com.sun.javafx.tk.quantum.GlassViewEventHandler$MouseEventNotification.run(GlassViewEventHandler.java:295)
	at java.security.AccessController.doPrivileged(Native Method)
	at com.sun.javafx.tk.quantum.GlassViewEventHandler.lambda$handleMouseEvent$354(GlassViewEventHandler.java:417)
	at com.sun.javafx.tk.quantum.QuantumToolkit.runWithoutRenderLock(QuantumToolkit.java:389)
	at com.sun.javafx.tk.quantum.GlassViewEventHandler.handleMouseEvent(GlassViewEventHandler.java:416)
	at com.sun.glass.ui.View.handleMouseEvent(View.java:555)
	at com.sun.glass.ui.View.notifyMouse(View.java:937)
	at com.sun.glass.ui.win.WinApplication._runLoop(Native Method)
	at com.sun.glass.ui.win.WinApplication.lambda$null$148(WinApplication.java:191)
	at java.lang.Thread.run(Unknown Source)
[INFO] [12:13:58.116] [JavaFX Application Thread] [] com.zzg.mybatis.generator.util.DbUtil.getConnectionUrlWithSchema:70 --> getConnectionUrlWithSchema, connection url: jdbc:mysql://127.0.0.1:3306/sports?useUnicode=true&useSSL=false&characterEncoding=utf8
[INFO] [12:13:58.118] [JavaFX Application Thread] [] com.zzg.mybatis.generator.util.DbUtil.getConnectionUrlWithSchema:70 --> getConnectionUrlWithSchema, connection url: jdbc:mysql://127.0.0.1:3306/sports?useUnicode=true&useSSL=false&characterEncoding=utf8
[INFO] [12:13:58.119] [JavaFX Application Thread] [] com.zzg.mybatis.generator.util.DbUtil.getConnection:26 --> getConnection, connection url: jdbc:mysql://127.0.0.1:3306/sports?useUnicode=true&useSSL=false&characterEncoding=utf8
[ERROR] [12:14:01.534] [JavaFX Application Thread] [] com.zzg.mybatis.generator.controller.NewConnectionController.saveConnection:71 --> [SQLITE_ERROR] SQL error or missing database (no such table: dbs)
org.sqlite.SQLiteException: [SQLITE_ERROR] SQL error or missing database (no such table: dbs)
	at org.sqlite.core.DB.newSQLException(DB.java:909)
	at org.sqlite.core.DB.newSQLException(DB.java:921)
	at org.sqlite.core.DB.throwex(DB.java:886)
	at org.sqlite.core.NativeDB.prepare_utf8(Native Method)
	at org.sqlite.core.NativeDB.prepare(NativeDB.java:127)
	at org.sqlite.core.DB.prepare(DB.java:227)
	at org.sqlite.jdbc3.JDBC3Statement.executeQuery(JDBC3Statement.java:81)
	at com.zzg.mybatis.generator.util.ConfigHelper.saveDatabaseConfig(ConfigHelper.java:88)
	at com.zzg.mybatis.generator.controller.NewConnectionController.saveConnection(NewConnectionController.java:67)
	at sun.reflect.NativeMethodAccessorImpl.invoke0(Native Method)
	at sun.reflect.NativeMethodAccessorImpl.invoke(Unknown Source)
	at sun.reflect.DelegatingMethodAccessorImpl.invoke(Unknown Source)
	at java.lang.reflect.Method.invoke(Unknown Source)
	at sun.reflect.misc.Trampoline.invoke(Unknown Source)
	at sun.reflect.GeneratedMethodAccessor1.invoke(Unknown Source)
	at sun.reflect.DelegatingMethodAccessorImpl.invoke(Unknown Source)
	at java.lang.reflect.Method.invoke(Unknown Source)
	at sun.reflect.misc.MethodUtil.invoke(Unknown Source)
	at javafx.fxml.FXMLLoader$MethodHandler.invoke(FXMLLoader.java:1771)
	at javafx.fxml.FXMLLoader$ControllerMethodEventHandler.handle(FXMLLoader.java:1657)
	at com.sun.javafx.event.CompositeEventHandler.dispatchBubblingEvent(CompositeEventHandler.java:86)
	at com.sun.javafx.event.EventHandlerManager.dispatchBubblingEvent(EventHandlerManager.java:238)
	at com.sun.javafx.event.EventHandlerManager.dispatchBubblingEvent(EventHandlerManager.java:191)
	at com.sun.javafx.event.CompositeEventDispatcher.dispatchBubblingEvent(CompositeEventDispatcher.java:59)
	at com.sun.javafx.event.BasicEventDispatcher.dispatchEvent(BasicEventDispatcher.java:58)
	at com.sun.javafx.event.EventDispatchChainImpl.dispatchEvent(EventDispatchChainImpl.java:114)
	at com.sun.javafx.event.BasicEventDispatcher.dispatchEvent(BasicEventDispatcher.java:56)
	at com.sun.javafx.event.EventDispatchChainImpl.dispatchEvent(EventDispatchChainImpl.java:114)
	at com.sun.javafx.event.BasicEventDispatcher.dispatchEvent(BasicEventDispatcher.java:56)
	at com.sun.javafx.event.EventDispatchChainImpl.dispatchEvent(EventDispatchChainImpl.java:114)
	at com.sun.javafx.event.EventUtil.fireEventImpl(EventUtil.java:74)
	at com.sun.javafx.event.EventUtil.fireEvent(EventUtil.java:49)
	at javafx.event.Event.fireEvent(Event.java:198)
	at javafx.scene.Node.fireEvent(Node.java:8413)
	at javafx.scene.control.Button.fire(Button.java:185)
	at com.sun.javafx.scene.control.behavior.ButtonBehavior.mouseReleased(ButtonBehavior.java:182)
	at com.sun.javafx.scene.control.skin.BehaviorSkinBase$1.handle(BehaviorSkinBase.java:96)
	at com.sun.javafx.scene.control.skin.BehaviorSkinBase$1.handle(BehaviorSkinBase.java:89)
	at com.sun.javafx.event.CompositeEventHandler$NormalEventHandlerRecord.handleBubblingEvent(CompositeEventHandler.java:218)
	at com.sun.javafx.event.CompositeEventHandler.dispatchBubblingEvent(CompositeEventHandler.java:80)
	at com.sun.javafx.event.EventHandlerManager.dispatchBubblingEvent(EventHandlerManager.java:238)
	at com.sun.javafx.event.EventHandlerManager.dispatchBubblingEvent(EventHandlerManager.java:191)
	at com.sun.javafx.event.CompositeEventDispatcher.dispatchBubblingEvent(CompositeEventDispatcher.java:59)
	at com.sun.javafx.event.BasicEventDispatcher.dispatchEvent(BasicEventDispatcher.java:58)
	at com.sun.javafx.event.EventDispatchChainImpl.dispatchEvent(EventDispatchChainImpl.java:114)
	at com.sun.javafx.event.BasicEventDispatcher.dispatchEvent(BasicEventDispatcher.java:56)
	at com.sun.javafx.event.EventDispatchChainImpl.dispatchEvent(EventDispatchChainImpl.java:114)
	at com.sun.javafx.event.BasicEventDispatcher.dispatchEvent(BasicEventDispatcher.java:56)
	at com.sun.javafx.event.EventDispatchChainImpl.dispatchEvent(EventDispatchChainImpl.java:114)
	at com.sun.javafx.event.EventUtil.fireEventImpl(EventUtil.java:74)
	at com.sun.javafx.event.EventUtil.fireEvent(EventUtil.java:54)
	at javafx.event.Event.fireEvent(Event.java:198)
	at javafx.scene.Scene$MouseHandler.process(Scene.java:3757)
	at javafx.scene.Scene$MouseHandler.access$1500(Scene.java:3485)
	at javafx.scene.Scene.impl_processMouseEvent(Scene.java:1762)
	at javafx.scene.Scene$ScenePeerListener.mouseEvent(Scene.java:2494)
	at com.sun.javafx.tk.quantum.GlassViewEventHandler$MouseEventNotification.run(GlassViewEventHandler.java:381)
	at com.sun.javafx.tk.quantum.GlassViewEventHandler$MouseEventNotification.run(GlassViewEventHandler.java:295)
	at java.security.AccessController.doPrivileged(Native Method)
	at com.sun.javafx.tk.quantum.GlassViewEventHandler.lambda$handleMouseEvent$354(GlassViewEventHandler.java:417)
	at com.sun.javafx.tk.quantum.QuantumToolkit.runWithoutRenderLock(QuantumToolkit.java:389)
	at com.sun.javafx.tk.quantum.GlassViewEventHandler.handleMouseEvent(GlassViewEventHandler.java:416)
	at com.sun.glass.ui.View.handleMouseEvent(View.java:555)
	at com.sun.glass.ui.View.notifyMouse(View.java:937)
	at com.sun.glass.ui.win.WinApplication._runLoop(Native Method)
	at com.sun.glass.ui.win.WinApplication.lambda$null$148(WinApplication.java:191)
	at java.lang.Thread.run(Unknown Source)
[ERROR] [12:15:30.446] [JavaFX Application Thread] [] com.zzg.mybatis.generator.controller.MainUIController.loadLeftDBTree:185 --> connect db failed, reason: {}
org.sqlite.SQLiteException: [SQLITE_ERROR] SQL error or missing database (no such table: dbs)
	at org.sqlite.core.DB.newSQLException(DB.java:909)
	at org.sqlite.core.DB.newSQLException(DB.java:921)
	at org.sqlite.core.DB.throwex(DB.java:886)
	at org.sqlite.core.NativeDB.prepare_utf8(Native Method)
	at org.sqlite.core.NativeDB.prepare(NativeDB.java:127)
	at org.sqlite.core.DB.prepare(DB.java:227)
	at org.sqlite.jdbc3.JDBC3Statement.executeQuery(JDBC3Statement.java:81)
	at com.zzg.mybatis.generator.util.ConfigHelper.loadDatabaseConfig(ConfigHelper.java:63)
	at com.zzg.mybatis.generator.controller.MainUIController.loadLeftDBTree(MainUIController.java:173)
	at com.zzg.mybatis.generator.controller.MainUIController.initialize(MainUIController.java:165)
	at javafx.fxml.FXMLLoader.loadImpl(FXMLLoader.java:2548)
	at javafx.fxml.FXMLLoader.loadImpl(FXMLLoader.java:2441)
	at javafx.fxml.FXMLLoader.load(FXMLLoader.java:2409)
	at com.zzg.mybatis.generator.MainUI.start(MainUI.java:24)
	at com.sun.javafx.application.LauncherImpl.lambda$launchApplication1$162(LauncherImpl.java:863)
	at com.sun.javafx.application.PlatformImpl.lambda$runAndWait$175(PlatformImpl.java:326)
	at com.sun.javafx.application.PlatformImpl.lambda$null$173(PlatformImpl.java:295)
	at java.security.AccessController.doPrivileged(Native Method)
	at com.sun.javafx.application.PlatformImpl.lambda$runLater$174(PlatformImpl.java:294)
	at com.sun.glass.ui.InvokeLaterDispatcher$Future.run(InvokeLaterDispatcher.java:95)
	at com.sun.glass.ui.win.WinApplication._runLoop(Native Method)
	at com.sun.glass.ui.win.WinApplication.lambda$null$148(WinApplication.java:191)
	at java.lang.Thread.run(Unknown Source)
[ERROR] [12:20:05.900] [JavaFX Application Thread] [] com.zzg.mybatis.generator.controller.MainUIController.loadLeftDBTree:185 --> connect db failed, reason: {}
org.sqlite.SQLiteException: [SQLITE_ERROR] SQL error or missing database (no such table: dbs)
	at org.sqlite.core.DB.newSQLException(DB.java:909)
	at org.sqlite.core.DB.newSQLException(DB.java:921)
	at org.sqlite.core.DB.throwex(DB.java:886)
	at org.sqlite.core.NativeDB.prepare_utf8(Native Method)
	at org.sqlite.core.NativeDB.prepare(NativeDB.java:127)
	at org.sqlite.core.DB.prepare(DB.java:227)
	at org.sqlite.jdbc3.JDBC3Statement.executeQuery(JDBC3Statement.java:81)
	at com.zzg.mybatis.generator.util.ConfigHelper.loadDatabaseConfig(ConfigHelper.java:63)
	at com.zzg.mybatis.generator.controller.MainUIController.loadLeftDBTree(MainUIController.java:173)
	at com.zzg.mybatis.generator.controller.MainUIController.initialize(MainUIController.java:165)
	at javafx.fxml.FXMLLoader.loadImpl(FXMLLoader.java:2548)
	at javafx.fxml.FXMLLoader.loadImpl(FXMLLoader.java:2441)
	at javafx.fxml.FXMLLoader.load(FXMLLoader.java:2409)
	at com.zzg.mybatis.generator.MainUI.start(MainUI.java:24)
	at com.sun.javafx.application.LauncherImpl.lambda$launchApplication1$162(LauncherImpl.java:863)
	at com.sun.javafx.application.PlatformImpl.lambda$runAndWait$175(PlatformImpl.java:326)
	at com.sun.javafx.application.PlatformImpl.lambda$null$173(PlatformImpl.java:295)
	at java.security.AccessController.doPrivileged(Native Method)
	at com.sun.javafx.application.PlatformImpl.lambda$runLater$174(PlatformImpl.java:294)
	at com.sun.glass.ui.InvokeLaterDispatcher$Future.run(InvokeLaterDispatcher.java:95)
	at com.sun.glass.ui.win.WinApplication._runLoop(Native Method)
	at com.sun.glass.ui.win.WinApplication.lambda$null$148(WinApplication.java:191)
	at java.lang.Thread.run(Unknown Source)
[ERROR] [12:22:13.314] [JavaFX Application Thread] [] com.zzg.mybatis.generator.controller.MainUIController.loadLeftDBTree:185 --> connect db failed, reason: {}
org.sqlite.SQLiteException: [SQLITE_ERROR] SQL error or missing database (no such table: dbs)
	at org.sqlite.core.DB.newSQLException(DB.java:909)
	at org.sqlite.core.DB.newSQLException(DB.java:921)
	at org.sqlite.core.DB.throwex(DB.java:886)
	at org.sqlite.core.NativeDB.prepare_utf8(Native Method)
	at org.sqlite.core.NativeDB.prepare(NativeDB.java:127)
	at org.sqlite.core.DB.prepare(DB.java:227)
	at org.sqlite.jdbc3.JDBC3Statement.executeQuery(JDBC3Statement.java:81)
	at com.zzg.mybatis.generator.util.ConfigHelper.loadDatabaseConfig(ConfigHelper.java:63)
	at com.zzg.mybatis.generator.controller.MainUIController.loadLeftDBTree(MainUIController.java:173)
	at com.zzg.mybatis.generator.controller.MainUIController.initialize(MainUIController.java:165)
	at javafx.fxml.FXMLLoader.loadImpl(FXMLLoader.java:2548)
	at javafx.fxml.FXMLLoader.loadImpl(FXMLLoader.java:2441)
	at javafx.fxml.FXMLLoader.load(FXMLLoader.java:2409)
	at com.zzg.mybatis.generator.MainUI.start(MainUI.java:24)
	at com.sun.javafx.application.LauncherImpl.lambda$launchApplication1$162(LauncherImpl.java:863)
	at com.sun.javafx.application.PlatformImpl.lambda$runAndWait$175(PlatformImpl.java:326)
	at com.sun.javafx.application.PlatformImpl.lambda$null$173(PlatformImpl.java:295)
	at java.security.AccessController.doPrivileged(Native Method)
	at com.sun.javafx.application.PlatformImpl.lambda$runLater$174(PlatformImpl.java:294)
	at com.sun.glass.ui.InvokeLaterDispatcher$Future.run(InvokeLaterDispatcher.java:95)
	at com.sun.glass.ui.win.WinApplication._runLoop(Native Method)
	at com.sun.glass.ui.win.WinApplication.lambda$null$148(WinApplication.java:191)
	at java.lang.Thread.run(Unknown Source)
[ERROR] [12:28:25.517] [JavaFX Application Thread] [] com.zzg.mybatis.generator.controller.MainUIController.loadLeftDBTree:185 --> connect db failed, reason: {}
org.sqlite.SQLiteException: [SQLITE_ERROR] SQL error or missing database (no such table: dbs)
	at org.sqlite.core.DB.newSQLException(DB.java:909)
	at org.sqlite.core.DB.newSQLException(DB.java:921)
	at org.sqlite.core.DB.throwex(DB.java:886)
	at org.sqlite.core.NativeDB.prepare_utf8(Native Method)
	at org.sqlite.core.NativeDB.prepare(NativeDB.java:127)
	at org.sqlite.core.DB.prepare(DB.java:227)
	at org.sqlite.jdbc3.JDBC3Statement.executeQuery(JDBC3Statement.java:81)
	at com.zzg.mybatis.generator.util.ConfigHelper.loadDatabaseConfig(ConfigHelper.java:64)
	at com.zzg.mybatis.generator.controller.MainUIController.loadLeftDBTree(MainUIController.java:173)
	at com.zzg.mybatis.generator.controller.MainUIController.initialize(MainUIController.java:165)
	at javafx.fxml.FXMLLoader.loadImpl(FXMLLoader.java:2548)
	at javafx.fxml.FXMLLoader.loadImpl(FXMLLoader.java:2441)
	at javafx.fxml.FXMLLoader.load(FXMLLoader.java:2409)
	at com.zzg.mybatis.generator.MainUI.start(MainUI.java:24)
	at com.sun.javafx.application.LauncherImpl.lambda$launchApplication1$162(LauncherImpl.java:863)
	at com.sun.javafx.application.PlatformImpl.lambda$runAndWait$175(PlatformImpl.java:326)
	at com.sun.javafx.application.PlatformImpl.lambda$null$173(PlatformImpl.java:295)
	at java.security.AccessController.doPrivileged(Native Method)
	at com.sun.javafx.application.PlatformImpl.lambda$runLater$174(PlatformImpl.java:294)
	at com.sun.glass.ui.InvokeLaterDispatcher$Future.run(InvokeLaterDispatcher.java:95)
	at com.sun.glass.ui.win.WinApplication._runLoop(Native Method)
	at com.sun.glass.ui.win.WinApplication.lambda$null$148(WinApplication.java:191)
	at java.lang.Thread.run(Unknown Source)
[ERROR] [12:32:43.069] [JavaFX Application Thread] [] com.zzg.mybatis.generator.controller.MainUIController.loadLeftDBTree:185 --> connect db failed, reason: {}
org.sqlite.SQLiteException: [SQLITE_ERROR] SQL error or missing database (no such table: dbs)
	at org.sqlite.core.DB.newSQLException(DB.java:909)
	at org.sqlite.core.DB.newSQLException(DB.java:921)
	at org.sqlite.core.DB.throwex(DB.java:886)
	at org.sqlite.core.NativeDB.prepare_utf8(Native Method)
	at org.sqlite.core.NativeDB.prepare(NativeDB.java:127)
	at org.sqlite.core.DB.prepare(DB.java:227)
	at org.sqlite.jdbc3.JDBC3Statement.executeQuery(JDBC3Statement.java:81)
	at com.zzg.mybatis.generator.util.ConfigHelper.loadDatabaseConfig(ConfigHelper.java:64)
	at com.zzg.mybatis.generator.controller.MainUIController.loadLeftDBTree(MainUIController.java:173)
	at com.zzg.mybatis.generator.controller.MainUIController.initialize(MainUIController.java:165)
	at javafx.fxml.FXMLLoader.loadImpl(FXMLLoader.java:2548)
	at javafx.fxml.FXMLLoader.loadImpl(FXMLLoader.java:2441)
	at javafx.fxml.FXMLLoader.load(FXMLLoader.java:2409)
	at com.zzg.mybatis.generator.MainUI.start(MainUI.java:24)
	at com.sun.javafx.application.LauncherImpl.lambda$launchApplication1$162(LauncherImpl.java:863)
	at com.sun.javafx.application.PlatformImpl.lambda$runAndWait$175(PlatformImpl.java:326)
	at com.sun.javafx.application.PlatformImpl.lambda$null$173(PlatformImpl.java:295)
	at java.security.AccessController.doPrivileged(Native Method)
	at com.sun.javafx.application.PlatformImpl.lambda$runLater$174(PlatformImpl.java:294)
	at com.sun.glass.ui.InvokeLaterDispatcher$Future.run(InvokeLaterDispatcher.java:95)
	at com.sun.glass.ui.win.WinApplication._runLoop(Native Method)
	at com.sun.glass.ui.win.WinApplication.lambda$null$148(WinApplication.java:191)
	at java.lang.Thread.run(Unknown Source)
[INFO] [12:38:26.922] [JavaFX Application Thread] [] com.zzg.mybatis.generator.util.DbUtil.getConnectionUrlWithSchema:70 --> getConnectionUrlWithSchema, connection url: jdbc:mysql://127.0.0.1:3306/sports?useUnicode=true&useSSL=false&characterEncoding=utf8
[INFO] [12:38:26.932] [JavaFX Application Thread] [] com.zzg.mybatis.generator.util.DbUtil.getConnectionUrlWithSchema:70 --> getConnectionUrlWithSchema, connection url: jdbc:mysql://127.0.0.1:3306/sports?useUnicode=true&useSSL=false&characterEncoding=utf8
[INFO] [12:38:26.933] [JavaFX Application Thread] [] com.zzg.mybatis.generator.util.DbUtil.getConnection:26 --> getConnection, connection url: jdbc:mysql://127.0.0.1:3306/sports?useUnicode=true&useSSL=false&characterEncoding=utf8
[INFO] [12:39:23.797] [JavaFX Application Thread] [] com.zzg.mybatis.generator.util.DbUtil.getConnectionUrlWithSchema:70 --> getConnectionUrlWithSchema, connection url: jdbc:mysql://127.0.0.1:3306/sports?useUnicode=true&useSSL=false&characterEncoding=utf8
[INFO] [12:39:23.798] [JavaFX Application Thread] [] com.zzg.mybatis.generator.util.DbUtil.getTableNames:34 --> getTableNames, connection url: jdbc:mysql://127.0.0.1:3306/sports?useUnicode=true&useSSL=false&characterEncoding=utf8
[INFO] [12:41:12.096] [JavaFX Application Thread] [] com.zzg.mybatis.generator.util.DbUtil.getConnectionUrlWithSchema:70 --> getConnectionUrlWithSchema, connection url: jdbc:mysql://127.0.0.1:3306/sports?useUnicode=true&useSSL=false&characterEncoding=utf8
[INFO] [12:41:12.097] [JavaFX Application Thread] [] com.zzg.mybatis.generator.util.DbUtil.getTableColumns:51 --> getTableColumns, connection url: jdbc:mysql://127.0.0.1:3306/sports?useUnicode=true&useSSL=false&characterEncoding=utf8
[INFO] [12:45:16.984] [JavaFX Application Thread] [] com.zzg.mybatis.generator.controller.MainUIController.saveGeneratorConfig:236 --> user choose name: sports
[INFO] [12:45:29.513] [JavaFX Application Thread] [] com.zzg.mybatis.generator.util.DbUtil.getConnectionUrlWithSchema:70 --> getConnectionUrlWithSchema, connection url: jdbc:mysql://127.0.0.1:3306/sports?useUnicode=true&useSSL=false&characterEncoding=utf8
[INFO] [12:46:32.752] [JavaFX Application Thread] [] com.zzg.mybatis.generator.controller.MainUIController.saveGeneratorConfig:236 --> user choose name: sports
[INFO] [12:46:36.459] [JavaFX Application Thread] [] com.zzg.mybatis.generator.util.ConfigHelper.loadGeneratorConfigs:166 --> sql: 
[DEBUG] [12:46:38.381] [JavaFX Application Thread] [] com.zzg.mybatis.generator.controller.GeneratorConfigController.lambda$1:76 --> item: sports
[INFO] [12:46:38.384] [JavaFX Application Thread] [] com.zzg.mybatis.generator.util.ConfigHelper.deleteGeneratorConfig:188 --> sql: DELETE FROM generator_config where name='sports'
[INFO] [12:46:38.486] [JavaFX Application Thread] [] com.zzg.mybatis.generator.util.ConfigHelper.loadGeneratorConfigs:166 --> sql: 
[INFO] [12:46:43.026] [JavaFX Application Thread] [] com.zzg.mybatis.generator.controller.MainUIController.saveGeneratorConfig:236 --> user choose name: sports
[INFO] [12:47:25.976] [JavaFX Application Thread] [] com.zzg.mybatis.generator.util.DbUtil.getConnectionUrlWithSchema:70 --> getConnectionUrlWithSchema, connection url: jdbc:mysql://127.0.0.1:3306/sports?useUnicode=true&useSSL=false&characterEncoding=utf8
[INFO] [12:50:39.020] [JavaFX Application Thread] [] com.zzg.mybatis.generator.util.ConfigHelper.loadGeneratorConfigs:166 --> sql: 
[INFO] [12:51:10.177] [JavaFX Application Thread] [] com.zzg.mybatis.generator.util.DbUtil.getConnectionUrlWithSchema:70 --> getConnectionUrlWithSchema, connection url: jdbc:mysql://127.0.0.1:3306/sports?useUnicode=true&useSSL=false&characterEncoding=utf8
[INFO] [12:53:22.052] [JavaFX Application Thread] [] com.zzg.mybatis.generator.util.ConfigHelper.loadGeneratorConfigs:166 --> sql: 
[INFO] [12:53:34.399] [JavaFX Application Thread] [] com.zzg.mybatis.generator.util.DbUtil.getConnectionUrlWithSchema:70 --> getConnectionUrlWithSchema, connection url: jdbc:mysql://127.0.0.1:3306/sports?useUnicode=true&useSSL=false&characterEncoding=utf8
[INFO] [13:29:01.918] [JavaFX Application Thread] [] com.zzg.mybatis.generator.util.DbUtil.getConnectionUrlWithSchema:70 --> getConnectionUrlWithSchema, connection url: jdbc:mysql://127.0.0.1:3306/sports?useUnicode=true&useSSL=false&characterEncoding=utf8
[INFO] [13:29:01.927] [JavaFX Application Thread] [] com.zzg.mybatis.generator.util.DbUtil.getTableNames:34 --> getTableNames, connection url: jdbc:mysql://127.0.0.1:3306/sports?useUnicode=true&useSSL=false&characterEncoding=utf8
[INFO] [13:29:04.137] [JavaFX Application Thread] [] com.zzg.mybatis.generator.util.ConfigHelper.loadGeneratorConfigs:166 --> sql: 
[INFO] [13:29:06.070] [JavaFX Application Thread] [] com.zzg.mybatis.generator.util.ConfigHelper.loadGeneratorConfig:143 --> sql: 
[INFO] [13:29:18.033] [JavaFX Application Thread] [] com.zzg.mybatis.generator.util.DbUtil.getConnectionUrlWithSchema:70 --> getConnectionUrlWithSchema, connection url: jdbc:mysql://127.0.0.1:3306/sports?useUnicode=true&useSSL=false&characterEncoding=utf8
[INFO] [13:30:55.671] [JavaFX Application Thread] [] com.zzg.mybatis.generator.util.DbUtil.getConnectionUrlWithSchema:70 --> getConnectionUrlWithSchema, connection url: jdbc:mysql://127.0.0.1:3306/sports?useUnicode=true&useSSL=false&characterEncoding=utf8
[INFO] [13:31:21.610] [JavaFX Application Thread] [] com.zzg.mybatis.generator.util.ConfigHelper.loadGeneratorConfigs:166 --> sql: 
[INFO] [13:31:22.903] [JavaFX Application Thread] [] com.zzg.mybatis.generator.util.ConfigHelper.loadGeneratorConfig:143 --> sql: 
[INFO] [13:31:24.786] [JavaFX Application Thread] [] com.zzg.mybatis.generator.util.DbUtil.getConnectionUrlWithSchema:70 --> getConnectionUrlWithSchema, connection url: jdbc:mysql://127.0.0.1:3306/sports?useUnicode=true&useSSL=false&characterEncoding=utf8
[INFO] [13:31:24.787] [JavaFX Application Thread] [] com.zzg.mybatis.generator.util.DbUtil.getTableNames:34 --> getTableNames, connection url: jdbc:mysql://127.0.0.1:3306/sports?useUnicode=true&useSSL=false&characterEncoding=utf8
[INFO] [13:31:33.101] [JavaFX Application Thread] [] com.zzg.mybatis.generator.util.DbUtil.getConnectionUrlWithSchema:70 --> getConnectionUrlWithSchema, connection url: jdbc:mysql://127.0.0.1:3306/sports?useUnicode=true&useSSL=false&characterEncoding=utf8
[INFO] [13:37:59.449] [JavaFX Application Thread] [] com.zzg.mybatis.generator.util.ConfigHelper.loadGeneratorConfigs:166 --> sql: 
[INFO] [13:38:00.704] [JavaFX Application Thread] [] com.zzg.mybatis.generator.util.ConfigHelper.loadGeneratorConfig:143 --> sql: 
[INFO] [13:38:02.812] [JavaFX Application Thread] [] com.zzg.mybatis.generator.util.DbUtil.getConnectionUrlWithSchema:70 --> getConnectionUrlWithSchema, connection url: jdbc:mysql://127.0.0.1:3306/sports?useUnicode=true&useSSL=false&characterEncoding=utf8
[INFO] [13:38:02.813] [JavaFX Application Thread] [] com.zzg.mybatis.generator.util.DbUtil.getTableNames:34 --> getTableNames, connection url: jdbc:mysql://127.0.0.1:3306/sports?useUnicode=true&useSSL=false&characterEncoding=utf8
[INFO] [13:38:15.005] [JavaFX Application Thread] [] com.zzg.mybatis.generator.util.DbUtil.getConnectionUrlWithSchema:70 --> getConnectionUrlWithSchema, connection url: jdbc:mysql://127.0.0.1:3306/sports?useUnicode=true&useSSL=false&characterEncoding=utf8
[INFO] [13:39:47.504] [JavaFX Application Thread] [] com.zzg.mybatis.generator.util.ConfigHelper.loadGeneratorConfigs:166 --> sql: 
[INFO] [13:39:48.378] [JavaFX Application Thread] [] com.zzg.mybatis.generator.util.ConfigHelper.loadGeneratorConfig:143 --> sql: 
[INFO] [13:39:50.518] [JavaFX Application Thread] [] com.zzg.mybatis.generator.util.DbUtil.getConnectionUrlWithSchema:70 --> getConnectionUrlWithSchema, connection url: jdbc:mysql://127.0.0.1:3306/sports?useUnicode=true&useSSL=false&characterEncoding=utf8
[INFO] [13:39:50.519] [JavaFX Application Thread] [] com.zzg.mybatis.generator.util.DbUtil.getTableNames:34 --> getTableNames, connection url: jdbc:mysql://127.0.0.1:3306/sports?useUnicode=true&useSSL=false&characterEncoding=utf8
[INFO] [13:39:56.320] [JavaFX Application Thread] [] com.zzg.mybatis.generator.util.DbUtil.getConnectionUrlWithSchema:70 --> getConnectionUrlWithSchema, connection url: jdbc:mysql://127.0.0.1:3306/sports?useUnicode=true&useSSL=false&characterEncoding=utf8
[INFO] [13:41:27.951] [JavaFX Application Thread] [] com.zzg.mybatis.generator.util.ConfigHelper.loadGeneratorConfigs:166 --> sql: 
[INFO] [13:41:28.789] [JavaFX Application Thread] [] com.zzg.mybatis.generator.util.ConfigHelper.loadGeneratorConfig:143 --> sql: 
[INFO] [13:41:30.096] [JavaFX Application Thread] [] com.zzg.mybatis.generator.util.DbUtil.getConnectionUrlWithSchema:70 --> getConnectionUrlWithSchema, connection url: jdbc:mysql://127.0.0.1:3306/sports?useUnicode=true&useSSL=false&characterEncoding=utf8
[INFO] [13:41:30.097] [JavaFX Application Thread] [] com.zzg.mybatis.generator.util.DbUtil.getTableNames:34 --> getTableNames, connection url: jdbc:mysql://127.0.0.1:3306/sports?useUnicode=true&useSSL=false&characterEncoding=utf8
[INFO] [13:41:35.874] [JavaFX Application Thread] [] com.zzg.mybatis.generator.util.DbUtil.getConnectionUrlWithSchema:70 --> getConnectionUrlWithSchema, connection url: jdbc:mysql://127.0.0.1:3306/sports?useUnicode=true&useSSL=false&characterEncoding=utf8
[INFO] [13:49:06.467] [JavaFX Application Thread] [] com.zzg.mybatis.generator.util.ConfigHelper.loadGeneratorConfigs:166 --> sql: 
[INFO] [13:49:07.428] [JavaFX Application Thread] [] com.zzg.mybatis.generator.util.ConfigHelper.loadGeneratorConfig:143 --> sql: 
[INFO] [13:49:08.678] [JavaFX Application Thread] [] com.zzg.mybatis.generator.util.DbUtil.getConnectionUrlWithSchema:70 --> getConnectionUrlWithSchema, connection url: jdbc:mysql://127.0.0.1:3306/sports?useUnicode=true&useSSL=false&characterEncoding=utf8
[INFO] [13:49:08.679] [JavaFX Application Thread] [] com.zzg.mybatis.generator.util.DbUtil.getTableNames:34 --> getTableNames, connection url: jdbc:mysql://127.0.0.1:3306/sports?useUnicode=true&useSSL=false&characterEncoding=utf8
[INFO] [13:49:26.724] [JavaFX Application Thread] [] com.zzg.mybatis.generator.util.ConfigHelper.loadGeneratorConfigs:166 --> sql: 
[DEBUG] [13:49:27.568] [JavaFX Application Thread] [] com.zzg.mybatis.generator.controller.GeneratorConfigController.lambda$1:76 --> item: sports
[INFO] [13:49:27.570] [JavaFX Application Thread] [] com.zzg.mybatis.generator.util.ConfigHelper.deleteGeneratorConfig:188 --> sql: DELETE FROM generator_config where name='sports'
[INFO] [13:49:27.678] [JavaFX Application Thread] [] com.zzg.mybatis.generator.util.ConfigHelper.loadGeneratorConfigs:166 --> sql: 
[INFO] [13:49:33.608] [JavaFX Application Thread] [] com.zzg.mybatis.generator.controller.MainUIController.saveGeneratorConfig:236 --> user choose name: sports
[INFO] [13:49:36.015] [JavaFX Application Thread] [] com.zzg.mybatis.generator.util.DbUtil.getConnectionUrlWithSchema:70 --> getConnectionUrlWithSchema, connection url: jdbc:mysql://127.0.0.1:3306/sports?useUnicode=true&useSSL=false&characterEncoding=utf8
[INFO] [13:55:01.677] [JavaFX Application Thread] [] com.zzg.mybatis.generator.util.ConfigHelper.loadGeneratorConfigs:166 --> sql: 
[DEBUG] [13:55:02.630] [JavaFX Application Thread] [] com.zzg.mybatis.generator.controller.GeneratorConfigController.lambda$1:76 --> item: sports
[INFO] [13:55:02.631] [JavaFX Application Thread] [] com.zzg.mybatis.generator.util.ConfigHelper.deleteGeneratorConfig:188 --> sql: DELETE FROM generator_config where name='sports'
[INFO] [13:55:02.727] [JavaFX Application Thread] [] com.zzg.mybatis.generator.util.ConfigHelper.loadGeneratorConfigs:166 --> sql: 
[INFO] [13:56:44.294] [JavaFX Application Thread] [] com.zzg.mybatis.generator.controller.MainUIController.saveGeneratorConfig:236 --> user choose name: sports
[INFO] [13:56:46.972] [JavaFX Application Thread] [] com.zzg.mybatis.generator.util.DbUtil.getConnectionUrlWithSchema:70 --> getConnectionUrlWithSchema, connection url: jdbc:mysql://127.0.0.1:3306/sports?useUnicode=true&useSSL=false&characterEncoding=utf8
[INFO] [13:56:46.973] [JavaFX Application Thread] [] com.zzg.mybatis.generator.util.DbUtil.getTableNames:34 --> getTableNames, connection url: jdbc:mysql://127.0.0.1:3306/sports?useUnicode=true&useSSL=false&characterEncoding=utf8
[INFO] [13:56:52.230] [JavaFX Application Thread] [] com.zzg.mybatis.generator.util.DbUtil.getConnectionUrlWithSchema:70 --> getConnectionUrlWithSchema, connection url: jdbc:mysql://127.0.0.1:3306/sports?useUnicode=true&useSSL=false&characterEncoding=utf8
[INFO] [13:58:18.162] [JavaFX Application Thread] [] com.zzg.mybatis.generator.util.ConfigHelper.loadGeneratorConfigs:166 --> sql: 
[DEBUG] [13:58:19.010] [JavaFX Application Thread] [] com.zzg.mybatis.generator.controller.GeneratorConfigController.lambda$1:76 --> item: sports
[INFO] [13:58:19.012] [JavaFX Application Thread] [] com.zzg.mybatis.generator.util.ConfigHelper.deleteGeneratorConfig:188 --> sql: DELETE FROM generator_config where name='sports'
[INFO] [13:58:19.116] [JavaFX Application Thread] [] com.zzg.mybatis.generator.util.ConfigHelper.loadGeneratorConfigs:166 --> sql: 
[INFO] [13:58:25.172] [JavaFX Application Thread] [] com.zzg.mybatis.generator.controller.MainUIController.saveGeneratorConfig:236 --> user choose name: sports
[INFO] [13:58:32.802] [JavaFX Application Thread] [] com.zzg.mybatis.generator.util.DbUtil.getConnectionUrlWithSchema:70 --> getConnectionUrlWithSchema, connection url: jdbc:mysql://127.0.0.1:3306/sports?useUnicode=true&useSSL=false&characterEncoding=utf8
[INFO] [15:12:42.977] [JavaFX Application Thread] [] com.zzg.mybatis.generator.util.ConfigHelper.loadGeneratorConfigs:166 --> sql: 
[INFO] [15:12:44.208] [JavaFX Application Thread] [] com.zzg.mybatis.generator.util.ConfigHelper.loadGeneratorConfig:143 --> sql: 
[INFO] [15:12:51.410] [JavaFX Application Thread] [] com.zzg.mybatis.generator.util.ConfigHelper.loadGeneratorConfigs:166 --> sql: 
[DEBUG] [15:12:52.358] [JavaFX Application Thread] [] com.zzg.mybatis.generator.controller.GeneratorConfigController.lambda$1:76 --> item: sports
[INFO] [15:12:52.360] [JavaFX Application Thread] [] com.zzg.mybatis.generator.util.ConfigHelper.deleteGeneratorConfig:188 --> sql: DELETE FROM generator_config where name='sports'
[INFO] [15:12:52.472] [JavaFX Application Thread] [] com.zzg.mybatis.generator.util.ConfigHelper.loadGeneratorConfigs:166 --> sql: 
[INFO] [15:12:58.653] [JavaFX Application Thread] [] com.zzg.mybatis.generator.controller.MainUIController.saveGeneratorConfig:236 --> user choose name: sports
[INFO] [15:13:00.170] [JavaFX Application Thread] [] com.zzg.mybatis.generator.util.DbUtil.getConnectionUrlWithSchema:70 --> getConnectionUrlWithSchema, connection url: jdbc:mysql://127.0.0.1:3306/sports?useUnicode=true&useSSL=false&characterEncoding=utf8
[INFO] [15:13:00.171] [JavaFX Application Thread] [] com.zzg.mybatis.generator.util.DbUtil.getTableNames:34 --> getTableNames, connection url: jdbc:mysql://127.0.0.1:3306/sports?useUnicode=true&useSSL=false&characterEncoding=utf8
[INFO] [15:13:08.252] [JavaFX Application Thread] [] com.zzg.mybatis.generator.util.DbUtil.getConnectionUrlWithSchema:70 --> getConnectionUrlWithSchema, connection url: jdbc:mysql://127.0.0.1:3306/sports?useUnicode=true&useSSL=false&characterEncoding=utf8
[INFO] [15:27:04.375] [JavaFX Application Thread] [] com.zzg.mybatis.generator.util.DbUtil.getConnectionUrlWithSchema:70 --> getConnectionUrlWithSchema, connection url: jdbc:mysql://127.0.0.1:3306/sports?useUnicode=true&useSSL=false&characterEncoding=utf8
[INFO] [15:27:04.383] [JavaFX Application Thread] [] com.zzg.mybatis.generator.util.DbUtil.getTableNames:34 --> getTableNames, connection url: jdbc:mysql://127.0.0.1:3306/sports?useUnicode=true&useSSL=false&characterEncoding=utf8
[INFO] [15:27:05.643] [JavaFX Application Thread] [] com.zzg.mybatis.generator.util.ConfigHelper.loadGeneratorConfigs:166 --> sql: 
[INFO] [15:27:06.791] [JavaFX Application Thread] [] com.zzg.mybatis.generator.util.ConfigHelper.loadGeneratorConfig:143 --> sql: 
[INFO] [15:27:15.017] [JavaFX Application Thread] [] com.zzg.mybatis.generator.util.DbUtil.getConnectionUrlWithSchema:70 --> getConnectionUrlWithSchema, connection url: jdbc:mysql://127.0.0.1:3306/sports?useUnicode=true&useSSL=false&characterEncoding=utf8
[INFO] [15:37:00.431] [JavaFX Application Thread] [] com.zzg.mybatis.generator.util.ConfigHelper.loadGeneratorConfigs:166 --> sql: 
[INFO] [15:37:01.636] [JavaFX Application Thread] [] com.zzg.mybatis.generator.util.ConfigHelper.loadGeneratorConfig:143 --> sql: 
[INFO] [15:37:02.735] [JavaFX Application Thread] [] com.zzg.mybatis.generator.util.DbUtil.getConnectionUrlWithSchema:70 --> getConnectionUrlWithSchema, connection url: jdbc:mysql://127.0.0.1:3306/sports?useUnicode=true&useSSL=false&characterEncoding=utf8
[INFO] [15:37:02.736] [JavaFX Application Thread] [] com.zzg.mybatis.generator.util.DbUtil.getTableNames:34 --> getTableNames, connection url: jdbc:mysql://127.0.0.1:3306/sports?useUnicode=true&useSSL=false&characterEncoding=utf8
[INFO] [15:37:07.803] [JavaFX Application Thread] [] com.zzg.mybatis.generator.util.DbUtil.getConnectionUrlWithSchema:70 --> getConnectionUrlWithSchema, connection url: jdbc:mysql://127.0.0.1:3306/sports?useUnicode=true&useSSL=false&characterEncoding=utf8
[INFO] [15:44:35.062] [JavaFX Application Thread] [] com.zzg.mybatis.generator.util.DbUtil.getConnectionUrlWithSchema:70 --> getConnectionUrlWithSchema, connection url: jdbc:mysql://127.0.0.1:3306/sports?useUnicode=true&useSSL=false&characterEncoding=utf8
[INFO] [15:44:35.072] [JavaFX Application Thread] [] com.zzg.mybatis.generator.util.DbUtil.getTableNames:34 --> getTableNames, connection url: jdbc:mysql://127.0.0.1:3306/sports?useUnicode=true&useSSL=false&characterEncoding=utf8
[INFO] [15:44:37.613] [JavaFX Application Thread] [] com.zzg.mybatis.generator.util.ConfigHelper.loadGeneratorConfigs:166 --> sql: 
[INFO] [15:44:38.448] [JavaFX Application Thread] [] com.zzg.mybatis.generator.util.ConfigHelper.loadGeneratorConfig:143 --> sql: 
